2011-12-13 21:24:00 Error: [MissingViewException] View file "/home/patrick/projetos/blog/app/View/Posts/index.ctp" is missing.
#0 /home/patrick/projetos/blog/lib/Cake/View/View.php(363): View->_getViewFileName(NULL)
#1 /home/patrick/projetos/blog/lib/Cake/Controller/Controller.php(900): View->render(NULL, NULL)
#2 /home/patrick/projetos/blog/lib/Cake/Routing/Dispatcher.php(114): Controller->render()
#3 /home/patrick/projetos/blog/lib/Cake/Routing/Dispatcher.php(89): Dispatcher->_invoke(Object(PostsController), Object(CakeRequest), Object(CakeResponse))
#4 /home/patrick/projetos/blog/app/webroot/index.php(96): Dispatcher->dispatch(Object(CakeRequest), Object(CakeResponse))
#5 {main}
2011-12-13 21:24:06 Error: [MissingViewException] View file "/home/patrick/projetos/blog/app/View/Posts/index.ctp" is missing.
#0 /home/patrick/projetos/blog/lib/Cake/View/View.php(363): View->_getViewFileName(NULL)
#1 /home/patrick/projetos/blog/lib/Cake/Controller/Controller.php(900): View->render(NULL, NULL)
#2 /home/patrick/projetos/blog/lib/Cake/Routing/Dispatcher.php(114): Controller->render()
#3 /home/patrick/projetos/blog/lib/Cake/Routing/Dispatcher.php(89): Dispatcher->_invoke(Object(PostsController), Object(CakeRequest), Object(CakeResponse))
#4 /home/patrick/projetos/blog/app/webroot/index.php(96): Dispatcher->dispatch(Object(CakeRequest), Object(CakeResponse))
#5 {main}
2011-12-13 21:24:17 Error: [MissingViewException] View file "/home/patrick/projetos/blog/app/View/Posts/index.ctp" is missing.
#0 /home/patrick/projetos/blog/lib/Cake/View/View.php(363): View->_getViewFileName(NULL)
#1 /home/patrick/projetos/blog/lib/Cake/Controller/Controller.php(900): View->render(NULL, NULL)
#2 /home/patrick/projetos/blog/lib/Cake/Routing/Dispatcher.php(114): Controller->render()
#3 /home/patrick/projetos/blog/lib/Cake/Routing/Dispatcher.php(89): Dispatcher->_invoke(Object(PostsController), Object(CakeRequest), Object(CakeResponse))
#4 /home/patrick/projetos/blog/app/webroot/index.php(96): Dispatcher->dispatch(Object(CakeRequest), Object(CakeResponse))
#5 {main}
2011-12-13 21:28:09 Error: [MissingActionException] Action PostsController::view() could not be found.
#0 /home/patrick/projetos/blog/lib/Cake/Routing/Dispatcher.php(107): Controller->invokeAction(Object(CakeRequest))
#1 /home/patrick/projetos/blog/lib/Cake/Routing/Dispatcher.php(89): Dispatcher->_invoke(Object(PostsController), Object(CakeRequest), Object(CakeResponse))
#2 /home/patrick/projetos/blog/app/webroot/index.php(96): Dispatcher->dispatch(Object(CakeRequest), Object(CakeResponse))
#3 {main}
2011-12-13 21:28:13 Error: [MissingActionException] Action PostsController::view() could not be found.
#0 /home/patrick/projetos/blog/lib/Cake/Routing/Dispatcher.php(107): Controller->invokeAction(Object(CakeRequest))
#1 /home/patrick/projetos/blog/lib/Cake/Routing/Dispatcher.php(89): Dispatcher->_invoke(Object(PostsController), Object(CakeRequest), Object(CakeResponse))
#2 /home/patrick/projetos/blog/app/webroot/index.php(96): Dispatcher->dispatch(Object(CakeRequest), Object(CakeResponse))
#3 {main}
2011-12-13 21:28:15 Error: [MissingActionException] Action PostsController::view() could not be found.
#0 /home/patrick/projetos/blog/lib/Cake/Routing/Dispatcher.php(107): Controller->invokeAction(Object(CakeRequest))
#1 /home/patrick/projetos/blog/lib/Cake/Routing/Dispatcher.php(89): Dispatcher->_invoke(Object(PostsController), Object(CakeRequest), Object(CakeResponse))
#2 /home/patrick/projetos/blog/app/webroot/index.php(96): Dispatcher->dispatch(Object(CakeRequest), Object(CakeResponse))
#3 {main}
2011-12-13 21:28:17 Error: [MissingActionException] Action PostsController::view() could not be found.
#0 /home/patrick/projetos/blog/lib/Cake/Routing/Dispatcher.php(107): Controller->invokeAction(Object(CakeRequest))
#1 /home/patrick/projetos/blog/lib/Cake/Routing/Dispatcher.php(89): Dispatcher->_invoke(Object(PostsController), Object(CakeRequest), Object(CakeResponse))
#2 /home/patrick/projetos/blog/app/webroot/index.php(96): Dispatcher->dispatch(Object(CakeRequest), Object(CakeResponse))
#3 {main}
2011-12-13 21:28:19 Error: [MissingActionException] Action PostsController::view() could not be found.
#0 /home/patrick/projetos/blog/lib/Cake/Routing/Dispatcher.php(107): Controller->invokeAction(Object(CakeRequest))
#1 /home/patrick/projetos/blog/lib/Cake/Routing/Dispatcher.php(89): Dispatcher->_invoke(Object(PostsController), Object(CakeRequest), Object(CakeResponse))
#2 /home/patrick/projetos/blog/app/webroot/index.php(96): Dispatcher->dispatch(Object(CakeRequest), Object(CakeResponse))
#3 {main}
2011-12-13 22:02:51 Error: [MissingViewException] View file "/home/patrick/projetos/blog/app/View/Posts/view.ctp" is missing.
#0 /home/patrick/projetos/blog/lib/Cake/View/View.php(363): View->_getViewFileName(NULL)
#1 /home/patrick/projetos/blog/lib/Cake/Controller/Controller.php(900): View->render(NULL, NULL)
#2 /home/patrick/projetos/blog/lib/Cake/Routing/Dispatcher.php(114): Controller->render()
#3 /home/patrick/projetos/blog/lib/Cake/Routing/Dispatcher.php(89): Dispatcher->_invoke(Object(PostsController), Object(CakeRequest), Object(CakeResponse))
#4 /home/patrick/projetos/blog/app/webroot/index.php(96): Dispatcher->dispatch(Object(CakeRequest), Object(CakeResponse))
#5 {main}
